<?xml version="1.0" encoding="UTF-8"?>
<testng-results skipped="0" failed="0" ignored="0" total="1" passed="1">
  <reporter-output>
  </reporter-output>
  <suite name="Default suite" duration-ms="34235" started-at="2020-08-18T07:18:41 CAT" finished-at="2020-08-18T07:19:15 CAT">
    <groups>
    </groups>
    <test name="Default test" duration-ms="34235" started-at="2020-08-18T07:18:41 CAT" finished-at="2020-08-18T07:19:15 CAT">
      <class name="com.Web.TC_03ValidateUser">
        <test-method status="PASS" signature="getDetails()[pri:0, instance:com.Web.TC_03ValidateUser@2a17b7b6]" name="getDetails" duration-ms="33738" started-at="2020-08-18T07:18:41 CAT" finished-at="2020-08-18T07:19:15 CAT">
          <reporter-output>
          </reporter-output>
        </test-method> <!-- getDetails -->
      </class> <!-- com.Web.TC_03ValidateUser -->
    </test> <!-- Default test -->
  </suite> <!-- Default suite -->
</testng-results>
